2013-10-29 14:06:57,338-[TS] ERROR main com.web.things.db.DBFactory - 
    java.lang.ClassNotFoundException: package com.web.things.db.OracleService
        at java.net.URLClassLoader$1.run(URLClassLoader.java:202)
        at java.security.AccessController.doPrivileged(Native Method)
        at java.net.URLClassLoader.findClass(URLClassLoader.java:190)
        at java.lang.ClassLoader.loadClass(ClassLoader.java:306)
        at sun.misc.Launcher$AppClassLoader.loadClass(Launcher.java:301)
        at java.lang.ClassLoader.loadClass(ClassLoader.java:247)
        at java.lang.Class.forName0(Native Method)
        at java.lang.Class.forName(Class.java:169)
        at com.web.things.db.DBFactory.<clinit>(DBFactory.java:22)
        at com.web.things.db.DBFactoryTest.test_oracle(DBFactoryTest.java:9)
        at sun.reflect.NativeMethodAccessorImpl.invoke0(Native Method)
        at sun.reflect.NativeMethodAccessorImpl.invoke(NativeMethodAccessorImpl.java:39)
        at sun.reflect.DelegatingMethodAccessorImpl.invoke(DelegatingMethodAccessorImpl.java:25)
        at java.lang.reflect.Method.invoke(Method.java:597)
        at org.junit.runners.model.FrameworkMethod$1.runReflectiveCall(FrameworkMethod.java:45)
        at org.junit.internal.runners.model.ReflectiveCallable.run(ReflectiveCallable.java:15)
        at org.junit.runners.model.FrameworkMethod.invokeExplosively(FrameworkMethod.java:42)
        at org.junit.internal.runners.statements.InvokeMethod.evaluate(InvokeMethod.java:20)
        at org.junit.runners.ParentRunner.runLeaf(ParentRunner.java:263)
        at org.junit.runners.BlockJUnit4ClassRunner.runChild(BlockJUnit4ClassRunner.java:68)
        at org.junit.runners.BlockJUnit4ClassRunner.runChild(BlockJUnit4ClassRunner.java:47)
        at org.junit.runners.ParentRunner$3.run(ParentRunner.java:231)
        at org.junit.runners.ParentRunner$1.schedule(ParentRunner.java:60)
        at org.junit.runners.ParentRunner.runChildren(ParentRunner.java:229)
        at org.junit.runners.ParentRunner.access$000(ParentRunner.java:50)
        at org.junit.runners.ParentRunner$2.evaluate(ParentRunner.java:222)
        at org.junit.runners.ParentRunner.run(ParentRunner.java:300)
        at org.eclipse.jdt.internal.junit4.runner.JUnit4TestReference.run(JUnit4TestReference.java:50)
        at org.eclipse.jdt.internal.junit.runner.TestExecution.run(TestExecution.java:38)
        at org.eclipse.jdt.internal.junit.runner.RemoteTestRunner.runTests(RemoteTestRunner.java:467)
        at org.eclipse.jdt.internal.junit.runner.RemoteTestRunner.runTests(RemoteTestRunner.java:683)
        at org.eclipse.jdt.internal.junit.runner.RemoteTestRunner.run(RemoteTestRunner.java:390)
        at org.eclipse.jdt.internal.junit.runner.RemoteTestRunner.main(RemoteTestRunner.java:197)
2013-10-29 14:07:16,683-[TS] ERROR main com.web.things.db.DBFactory - 
    java.lang.ClassNotFoundException: package com.web.things.db.OracleService
        at java.net.URLClassLoader$1.run(URLClassLoader.java:202)
        at java.security.AccessController.doPrivileged(Native Method)
        at java.net.URLClassLoader.findClass(URLClassLoader.java:190)
        at java.lang.ClassLoader.loadClass(ClassLoader.java:306)
        at sun.misc.Launcher$AppClassLoader.loadClass(Launcher.java:301)
        at java.lang.ClassLoader.loadClass(ClassLoader.java:247)
        at java.lang.Class.forName0(Native Method)
        at java.lang.Class.forName(Class.java:169)
        at com.web.things.db.DBFactory.<clinit>(DBFactory.java:22)
        at com.web.things.db.DBFactoryTest.test_oracle(DBFactoryTest.java:9)
        at sun.reflect.NativeMethodAccessorImpl.invoke0(Native Method)
        at sun.reflect.NativeMethodAccessorImpl.invoke(NativeMethodAccessorImpl.java:39)
        at sun.reflect.DelegatingMethodAccessorImpl.invoke(DelegatingMethodAccessorImpl.java:25)
        at java.lang.reflect.Method.invoke(Method.java:597)
        at org.junit.runners.model.FrameworkMethod$1.runReflectiveCall(FrameworkMethod.java:45)
        at org.junit.internal.runners.model.ReflectiveCallable.run(ReflectiveCallable.java:15)
        at org.junit.runners.model.FrameworkMethod.invokeExplosively(FrameworkMethod.java:42)
        at org.junit.internal.runners.statements.InvokeMethod.evaluate(InvokeMethod.java:20)
        at org.junit.runners.ParentRunner.runLeaf(ParentRunner.java:263)
        at org.junit.runners.BlockJUnit4ClassRunner.runChild(BlockJUnit4ClassRunner.java:68)
        at org.junit.runners.BlockJUnit4ClassRunner.runChild(BlockJUnit4ClassRunner.java:47)
        at org.junit.runners.ParentRunner$3.run(ParentRunner.java:231)
        at org.junit.runners.ParentRunner$1.schedule(ParentRunner.java:60)
        at org.junit.runners.ParentRunner.runChildren(ParentRunner.java:229)
        at org.junit.runners.ParentRunner.access$000(ParentRunner.java:50)
        at org.junit.runners.ParentRunner$2.evaluate(ParentRunner.java:222)
        at org.junit.runners.ParentRunner.run(ParentRunner.java:300)
        at org.eclipse.jdt.internal.junit4.runner.JUnit4TestReference.run(JUnit4TestReference.java:50)
        at org.eclipse.jdt.internal.junit.runner.TestExecution.run(TestExecution.java:38)
        at org.eclipse.jdt.internal.junit.runner.RemoteTestRunner.runTests(RemoteTestRunner.java:467)
        at org.eclipse.jdt.internal.junit.runner.RemoteTestRunner.runTests(RemoteTestRunner.java:683)
        at org.eclipse.jdt.internal.junit.runner.RemoteTestRunner.run(RemoteTestRunner.java:390)
        at org.eclipse.jdt.internal.junit.runner.RemoteTestRunner.main(RemoteTestRunner.java:197)
2013-10-29 14:21:57,607-[TS] ERROR main com.web.things.db.DBFactory - 
    java.lang.ClassCastException: com.web.things.db.OracleService cannot be cast to com.web.things.db.DBService
        at com.web.things.db.DBFactory.<clinit>(DBFactory.java:23)
        at com.web.things.db.DBFactoryTest.test_oracle(DBFactoryTest.java:9)
        at sun.reflect.NativeMethodAccessorImpl.invoke0(Native Method)
        at sun.reflect.NativeMethodAccessorImpl.invoke(NativeMethodAccessorImpl.java:39)
        at sun.reflect.DelegatingMethodAccessorImpl.invoke(DelegatingMethodAccessorImpl.java:25)
        at java.lang.reflect.Method.invoke(Method.java:597)
        at org.junit.runners.model.FrameworkMethod$1.runReflectiveCall(FrameworkMethod.java:45)
        at org.junit.internal.runners.model.ReflectiveCallable.run(ReflectiveCallable.java:15)
        at org.junit.runners.model.FrameworkMethod.invokeExplosively(FrameworkMethod.java:42)
        at org.junit.internal.runners.statements.InvokeMethod.evaluate(InvokeMethod.java:20)
        at org.junit.runners.ParentRunner.runLeaf(ParentRunner.java:263)
        at org.junit.runners.BlockJUnit4ClassRunner.runChild(BlockJUnit4ClassRunner.java:68)
        at org.junit.runners.BlockJUnit4ClassRunner.runChild(BlockJUnit4ClassRunner.java:47)
        at org.junit.runners.ParentRunner$3.run(ParentRunner.java:231)
        at org.junit.runners.ParentRunner$1.schedule(ParentRunner.java:60)
        at org.junit.runners.ParentRunner.runChildren(ParentRunner.java:229)
        at org.junit.runners.ParentRunner.access$000(ParentRunner.java:50)
        at org.junit.runners.ParentRunner$2.evaluate(ParentRunner.java:222)
        at org.junit.runners.ParentRunner.run(ParentRunner.java:300)
        at org.eclipse.jdt.internal.junit4.runner.JUnit4TestReference.run(JUnit4TestReference.java:50)
        at org.eclipse.jdt.internal.junit.runner.TestExecution.run(TestExecution.java:38)
        at org.eclipse.jdt.internal.junit.runner.RemoteTestRunner.runTests(RemoteTestRunner.java:467)
        at org.eclipse.jdt.internal.junit.runner.RemoteTestRunner.runTests(RemoteTestRunner.java:683)
        at org.eclipse.jdt.internal.junit.runner.RemoteTestRunner.run(RemoteTestRunner.java:390)
        at org.eclipse.jdt.internal.junit.runner.RemoteTestRunner.main(RemoteTestRunner.java:197)
2013-10-29 14:22:06,410-[TS] ERROR main com.web.things.db.DBFactory - 
    java.lang.ClassCastException: com.web.things.db.OracleService cannot be cast to com.web.things.db.DBService
        at com.web.things.db.DBFactory.<clinit>(DBFactory.java:23)
        at com.web.things.db.DBFactoryTest.test_oracle(DBFactoryTest.java:9)
        at sun.reflect.NativeMethodAccessorImpl.invoke0(Native Method)
        at sun.reflect.NativeMethodAccessorImpl.invoke(NativeMethodAccessorImpl.java:39)
        at sun.reflect.DelegatingMethodAccessorImpl.invoke(DelegatingMethodAccessorImpl.java:25)
        at java.lang.reflect.Method.invoke(Method.java:597)
        at org.junit.runners.model.FrameworkMethod$1.runReflectiveCall(FrameworkMethod.java:45)
        at org.junit.internal.runners.model.ReflectiveCallable.run(ReflectiveCallable.java:15)
        at org.junit.runners.model.FrameworkMethod.invokeExplosively(FrameworkMethod.java:42)
        at org.junit.internal.runners.statements.InvokeMethod.evaluate(InvokeMethod.java:20)
        at org.junit.runners.ParentRunner.runLeaf(ParentRunner.java:263)
        at org.junit.runners.BlockJUnit4ClassRunner.runChild(BlockJUnit4ClassRunner.java:68)
        at org.junit.runners.BlockJUnit4ClassRunner.runChild(BlockJUnit4ClassRunner.java:47)
        at org.junit.runners.ParentRunner$3.run(ParentRunner.java:231)
        at org.junit.runners.ParentRunner$1.schedule(ParentRunner.java:60)
        at org.junit.runners.ParentRunner.runChildren(ParentRunner.java:229)
        at org.junit.runners.ParentRunner.access$000(ParentRunner.java:50)
        at org.junit.runners.ParentRunner$2.evaluate(ParentRunner.java:222)
        at org.junit.runners.ParentRunner.run(ParentRunner.java:300)
        at org.eclipse.jdt.internal.junit4.runner.JUnit4TestReference.run(JUnit4TestReference.java:50)
        at org.eclipse.jdt.internal.junit.runner.TestExecution.run(TestExecution.java:38)
        at org.eclipse.jdt.internal.junit.runner.RemoteTestRunner.runTests(RemoteTestRunner.java:467)
        at org.eclipse.jdt.internal.junit.runner.RemoteTestRunner.runTests(RemoteTestRunner.java:683)
        at org.eclipse.jdt.internal.junit.runner.RemoteTestRunner.run(RemoteTestRunner.java:390)
        at org.eclipse.jdt.internal.junit.runner.RemoteTestRunner.main(RemoteTestRunner.java:197)
